2024-05-04 04:38:57,995:WARNING:
'cuml' is a soft dependency and not included in the pycaret installation. Please run: `pip install cuml` to install.
2024-05-04 04:38:57,995:WARNING:
'cuml' is a soft dependency and not included in the pycaret installation. Please run: `pip install cuml` to install.
2024-05-04 04:38:57,995:WARNING:
'cuml' is a soft dependency and not included in the pycaret installation. Please run: `pip install cuml` to install.
2024-05-04 04:38:57,995:WARNING:
'cuml' is a soft dependency and not included in the pycaret installation. Please run: `pip install cuml` to install.
2024-05-04 04:52:22,083:WARNING:
'cuml' is a soft dependency and not included in the pycaret installation. Please run: `pip install cuml` to install.
2024-05-04 04:52:22,084:WARNING:
'cuml' is a soft dependency and not included in the pycaret installation. Please run: `pip install cuml` to install.
2024-05-04 04:52:22,084:WARNING:
'cuml' is a soft dependency and not included in the pycaret installation. Please run: `pip install cuml` to install.
2024-05-04 04:52:22,084:WARNING:
'cuml' is a soft dependency and not included in the pycaret installation. Please run: `pip install cuml` to install.
2024-05-04 04:52:25,416:WARNING:/Users/gonzalezulises/miniconda3/envs/supermercado/lib/python3.10/site-packages/dataprep/eda/utils.py:392: RuntimeWarning: ks_2samp: Exact calculation unsuccessful. Switching to method=asymp.
  return cast(Tuple[float, float], ks_2samp_(data1, data2))

2024-05-04 04:57:21,666:INFO:PyCaret AnomalyExperiment
2024-05-04 04:57:21,667:INFO:Logging name: anomaly-default-name
2024-05-04 04:57:21,667:INFO:ML Usecase: MLUsecase.ANOMALY
2024-05-04 04:57:21,667:INFO:version 3.3.2
2024-05-04 04:57:21,667:INFO:Initializing setup()
2024-05-04 04:57:21,667:INFO:self.USI: a82f
2024-05-04 04:57:21,667:INFO:self._variable_keys: {'n_jobs_param', 'memory', 'exp_name_log', 'html_param', 'gpu_n_jobs_param', 'X', '_available_plots', 'log_plots_param', 'gpu_param', 'logging_param', 'USI', 'seed', '_ml_usecase', 'data', 'exp_id', 'idx', 'pipeline'}
2024-05-04 04:57:21,667:INFO:Checking environment
2024-05-04 04:57:21,667:INFO:python_version: 3.10.13
2024-05-04 04:57:21,668:INFO:python_build: ('main', 'Dec 23 2023 15:35:25')
2024-05-04 04:57:21,668:INFO:machine: arm64
2024-05-04 04:57:21,668:INFO:platform: macOS-14.4.1-arm64-arm-64bit
2024-05-04 04:57:21,669:INFO:Memory: svmem(total=68719476736, available=36231872512, percent=47.3, used=31529091072, free=5868978176, active=28968632320, inactive=27090337792, wired=2560458752)
2024-05-04 04:57:21,669:INFO:Physical Core: 10
2024-05-04 04:57:21,670:INFO:Logical Core: 10
2024-05-04 04:57:21,670:INFO:Checking libraries
2024-05-04 04:57:21,670:INFO:System:
2024-05-04 04:57:21,670:INFO:    python: 3.10.13 | packaged by conda-forge | (main, Dec 23 2023, 15:35:25) [Clang 16.0.6 ]
2024-05-04 04:57:21,670:INFO:executable: /Users/gonzalezulises/miniconda3/envs/supermercado/bin/python
2024-05-04 04:57:21,670:INFO:   machine: macOS-14.4.1-arm64-arm-64bit
2024-05-04 04:57:21,670:INFO:PyCaret required dependencies:
2024-05-04 04:57:22,052:INFO:                 pip: 23.3.1
2024-05-04 04:57:22,052:INFO:          setuptools: 68.2.2
2024-05-04 04:57:22,052:INFO:             pycaret: 3.3.2
2024-05-04 04:57:22,052:INFO:             IPython: 8.22.2
2024-05-04 04:57:22,052:INFO:          ipywidgets: 7.8.0
2024-05-04 04:57:22,052:INFO:                tqdm: 4.66.2
2024-05-04 04:57:22,052:INFO:               numpy: 1.26.4
2024-05-04 04:57:22,052:INFO:              pandas: 1.5.3
2024-05-04 04:57:22,052:INFO:              jinja2: 3.1.3
2024-05-04 04:57:22,052:INFO:               scipy: 1.11.4
2024-05-04 04:57:22,052:INFO:              joblib: 1.3.2
2024-05-04 04:57:22,052:INFO:             sklearn: 1.4.2
2024-05-04 04:57:22,052:INFO:                pyod: 1.1.3
2024-05-04 04:57:22,052:INFO:            imblearn: 0.12.2
2024-05-04 04:57:22,053:INFO:   category_encoders: 2.6.3
2024-05-04 04:57:22,053:INFO:            lightgbm: 4.3.0
2024-05-04 04:57:22,053:INFO:               numba: 0.59.1
2024-05-04 04:57:22,053:INFO:            requests: 2.31.0
2024-05-04 04:57:22,053:INFO:          matplotlib: 3.7.1
2024-05-04 04:57:22,053:INFO:          scikitplot: 0.3.7
2024-05-04 04:57:22,053:INFO:         yellowbrick: 1.5
2024-05-04 04:57:22,053:INFO:              plotly: 5.22.0
2024-05-04 04:57:22,053:INFO:    plotly-resampler: Not installed
2024-05-04 04:57:22,053:INFO:             kaleido: 0.2.1
2024-05-04 04:57:22,053:INFO:           schemdraw: 0.15
2024-05-04 04:57:22,053:INFO:         statsmodels: 0.14.1
2024-05-04 04:57:22,053:INFO:              sktime: 0.26.0
2024-05-04 04:57:22,053:INFO:               tbats: 1.1.3
2024-05-04 04:57:22,053:INFO:            pmdarima: 2.0.4
2024-05-04 04:57:22,053:INFO:              psutil: 5.9.8
2024-05-04 04:57:22,053:INFO:          markupsafe: 2.1.5
2024-05-04 04:57:22,053:INFO:             pickle5: Not installed
2024-05-04 04:57:22,053:INFO:         cloudpickle: 3.0.0
2024-05-04 04:57:22,053:INFO:         deprecation: 2.1.0
2024-05-04 04:57:22,053:INFO:              xxhash: 3.4.1
2024-05-04 04:57:22,053:INFO:           wurlitzer: 3.1.0
2024-05-04 04:57:22,053:INFO:PyCaret optional dependencies:
2024-05-04 04:57:22,065:INFO:                shap: Not installed
2024-05-04 04:57:22,065:INFO:           interpret: Not installed
2024-05-04 04:57:22,065:INFO:                umap: Not installed
2024-05-04 04:57:22,065:INFO:     ydata_profiling: Not installed
2024-05-04 04:57:22,065:INFO:  explainerdashboard: Not installed
2024-05-04 04:57:22,065:INFO:             autoviz: Not installed
2024-05-04 04:57:22,065:INFO:           fairlearn: Not installed
2024-05-04 04:57:22,066:INFO:          deepchecks: Not installed
2024-05-04 04:57:22,066:INFO:             xgboost: Not installed
2024-05-04 04:57:22,066:INFO:            catboost: Not installed
2024-05-04 04:57:22,066:INFO:              kmodes: Not installed
2024-05-04 04:57:22,066:INFO:             mlxtend: Not installed
2024-05-04 04:57:22,066:INFO:       statsforecast: Not installed
2024-05-04 04:57:22,066:INFO:        tune_sklearn: Not installed
2024-05-04 04:57:22,066:INFO:                 ray: Not installed
2024-05-04 04:57:22,066:INFO:            hyperopt: Not installed
2024-05-04 04:57:22,066:INFO:              optuna: Not installed
2024-05-04 04:57:22,066:INFO:               skopt: Not installed
2024-05-04 04:57:22,066:INFO:              mlflow: Not installed
2024-05-04 04:57:22,066:INFO:              gradio: Not installed
2024-05-04 04:57:22,066:INFO:             fastapi: Not installed
2024-05-04 04:57:22,066:INFO:             uvicorn: Not installed
2024-05-04 04:57:22,066:INFO:              m2cgen: Not installed
2024-05-04 04:57:22,066:INFO:           evidently: Not installed
2024-05-04 04:57:22,066:INFO:               fugue: Not installed
2024-05-04 04:57:22,066:INFO:           streamlit: Not installed
2024-05-04 04:57:22,066:INFO:             prophet: Not installed
2024-05-04 04:57:22,066:INFO:None
2024-05-04 04:57:22,066:INFO:Set up data.
2024-05-04 04:57:22,070:INFO:Set up index.
2024-05-04 04:57:22,070:INFO:Assigning column types.
2024-05-04 04:57:22,072:INFO:Engine successfully changes for model 'kmeans' to 'sklearn'.
2024-05-04 04:57:23,674:INFO:Engine successfully changes for model 'dbscan' to 'sklearn'.
2024-05-04 04:57:23,676:INFO:Preparing preprocessing pipeline...
2024-05-04 04:57:23,676:INFO:Set up simple imputation.
2024-05-04 04:57:23,688:INFO:Finished creating preprocessing pipeline.
2024-05-04 04:57:23,691:INFO:Pipeline: Pipeline(memory=FastMemory(location=/var/folders/xz/cy4m1yx914dd0zx5s4lc56k00000gn/T/joblib),
         steps=[('numerical_imputer',
                 TransformerWrapper(include=['p5_1', 'p5_2', 'p5_3', 'p5_4',
                                             'p5_5', 'p5_6', 'p5_7', 'p5_8',
                                             'p5_9', 'p5_10', 'p5_11', 'p7_1',
                                             'p7_2', 'p7_3', 'p7_4', 'p7_5',
                                             'p7_6', 'p7_7', 'p8'],
                                    transformer=SimpleImputer())),
                ('categorical_imputer',
                 TransformerWrapper(include=[],
                                    transformer=SimpleImputer(strategy='most_frequent')))])
2024-05-04 04:57:23,691:INFO:Creating final display dataframe.
2024-05-04 04:57:23,699:INFO:Setup _display_container:                Description                 Value
0               Session id                   100
1      Original data shape            (4231, 19)
2   Transformed data shape            (4231, 19)
3         Numeric features                    19
4               Preprocess                  True
5          Imputation type                simple
6       Numeric imputation                  mean
7   Categorical imputation                  mode
8                 CPU Jobs                    -1
9                  Use GPU                 False
10          Log Experiment                 False
11         Experiment Name  anomaly-default-name
12                     USI                  a82f
2024-05-04 04:57:23,703:INFO:setup() successfully completed in 2.04s...............
2024-05-04 04:58:35,937:INFO:Initializing create_model()
2024-05-04 04:58:35,938:INFO:create_model(self=<pycaret.anomaly.oop.AnomalyExperiment object at 0x322c01510>, estimator=iforest, num_clusters=4, fraction=0.05, ground_truth=None, round=4, fit_kwargs=None, experiment_custom_tags=None, verbose=True, system=True, add_to_model_list=True, raise_num_clusters=False, display=None, kwargs={'fracttion': 0.05})
2024-05-04 04:58:35,941:INFO:Checking exceptions
2024-05-04 04:58:35,976:INFO:Importing untrained model
2024-05-04 04:58:45,294:INFO:Initializing create_model()
2024-05-04 04:58:45,295:INFO:create_model(self=<pycaret.anomaly.oop.AnomalyExperiment object at 0x322c01510>, estimator=iforest, num_clusters=4, fraction=0.05, ground_truth=None, round=4, fit_kwargs=None, experiment_custom_tags=None, verbose=True, system=True, add_to_model_list=True, raise_num_clusters=False, display=None, kwargs={})
2024-05-04 04:58:45,298:INFO:Checking exceptions
2024-05-04 04:58:45,329:INFO:Importing untrained model
2024-05-04 04:58:45,331:INFO:Isolation Forest Imported successfully
2024-05-04 04:58:45,334:INFO:Fitting Model
2024-05-04 04:58:45,455:INFO:IForest(behaviour='new', bootstrap=False, contamination=0.05,
    max_features=1.0, max_samples='auto', n_estimators=100, n_jobs=-1,
    random_state=100, verbose=0)
2024-05-04 04:58:45,455:INFO:create_models() successfully completed......................................
2024-05-04 04:58:45,457:INFO:Uploading results into container
2024-05-04 04:58:45,457:INFO:Uploading model into container now
2024-05-04 04:58:45,458:INFO:_master_model_container: 1
2024-05-04 04:58:45,458:INFO:_display_container: 1
2024-05-04 04:58:45,458:INFO:IForest(behaviour='new', bootstrap=False, contamination=0.05,
    max_features=1.0, max_samples='auto', n_estimators=100, n_jobs=-1,
    random_state=100, verbose=0)
2024-05-04 04:58:45,459:INFO:create_model() successfully completed......................................
2024-05-04 04:59:26,082:INFO:Initializing create_model()
2024-05-04 04:59:26,083:INFO:create_model(self=<pycaret.anomaly.oop.AnomalyExperiment object at 0x322c01510>, estimator=iforest, num_clusters=4, fraction=0.05, ground_truth=None, round=4, fit_kwargs=None, experiment_custom_tags=None, verbose=True, system=True, add_to_model_list=True, raise_num_clusters=False, display=None, kwargs={})
2024-05-04 04:59:26,083:INFO:Checking exceptions
2024-05-04 04:59:26,114:INFO:Importing untrained model
2024-05-04 04:59:26,117:INFO:Isolation Forest Imported successfully
2024-05-04 04:59:26,119:INFO:Fitting Model
2024-05-04 04:59:26,237:INFO:IForest(behaviour='new', bootstrap=False, contamination=0.05,
    max_features=1.0, max_samples='auto', n_estimators=100, n_jobs=-1,
    random_state=100, verbose=0)
2024-05-04 04:59:26,237:INFO:create_models() successfully completed......................................
2024-05-04 04:59:26,239:INFO:Uploading results into container
2024-05-04 04:59:26,239:INFO:Uploading model into container now
2024-05-04 04:59:26,240:INFO:_master_model_container: 2
2024-05-04 04:59:26,240:INFO:_display_container: 1
2024-05-04 04:59:26,240:INFO:IForest(behaviour='new', bootstrap=False, contamination=0.05,
    max_features=1.0, max_samples='auto', n_estimators=100, n_jobs=-1,
    random_state=100, verbose=0)
2024-05-04 04:59:26,240:INFO:create_model() successfully completed......................................
2024-05-04 04:59:26,321:INFO:Initializing plot_model()
2024-05-04 04:59:26,321:INFO:plot_model(plot=tsne, fold=None, verbose=True, display=None, display_format=None, estimator=IForest(behaviour='new', bootstrap=False, contamination=0.05,
    max_features=1.0, max_samples='auto', n_estimators=100, n_jobs=-1,
    random_state=100, verbose=0), feature_name=None, fit_kwargs=None, groups=None, label=False, plot_kwargs=None, save=False, scale=1, self=<pycaret.anomaly.oop.AnomalyExperiment object at 0x322c01510>, system=True)
2024-05-04 04:59:26,322:INFO:Checking exceptions
2024-05-04 04:59:27,097:INFO:Preloading libraries
2024-05-04 04:59:27,102:INFO:Copying training dataset
2024-05-04 04:59:27,102:INFO:Plot type: tsne
2024-05-04 04:59:27,102:INFO:SubProcess assign_model() called ==================================
2024-05-04 04:59:27,103:INFO:Initializing assign_model()
2024-05-04 04:59:27,103:INFO:assign_model(self=<pycaret.anomaly.oop.AnomalyExperiment object at 0x322c01510>, model=IForest(behaviour='new', bootstrap=False, contamination=0.05,
    max_features=1.0, max_samples='auto', n_estimators=100, n_jobs=-1,
    random_state=100, verbose=0), transformation=True, score=False, verbose=False)
2024-05-04 04:59:27,103:INFO:Checking exceptions
2024-05-04 04:59:27,103:INFO:Determining Trained Model
2024-05-04 04:59:27,103:INFO:Trained Model : Isolation Forest
2024-05-04 04:59:27,103:INFO:Copying data
2024-05-04 04:59:27,108:INFO:Transformation parameter set to True. Assigned clusters are attached on transformed dataset.
2024-05-04 04:59:27,108:INFO:(4231, 20)
2024-05-04 04:59:27,108:INFO:assign_model() successfully completed......................................
2024-05-04 04:59:27,109:INFO:SubProcess assign_model() end ==================================
2024-05-04 04:59:27,109:INFO:Getting dummies to cast categorical variables
2024-05-04 04:59:27,109:INFO:Fitting TSNE()
2024-05-04 04:59:44,761:INFO:Rendering Visual
2024-05-04 04:59:45,226:INFO:Visual Rendered Successfully
2024-05-04 04:59:45,323:INFO:plot_model() successfully completed......................................
2024-05-04 05:00:06,467:INFO:Initializing create_model()
2024-05-04 05:00:06,468:INFO:create_model(self=<pycaret.anomaly.oop.AnomalyExperiment object at 0x322c01510>, estimator=iforest, num_clusters=4, fraction=0.05, ground_truth=None, round=4, fit_kwargs=None, experiment_custom_tags=None, verbose=True, system=True, add_to_model_list=True, raise_num_clusters=False, display=None, kwargs={})
2024-05-04 05:00:06,468:INFO:Checking exceptions
2024-05-04 05:00:06,508:INFO:Importing untrained model
2024-05-04 05:00:06,511:INFO:Isolation Forest Imported successfully
2024-05-04 05:00:06,513:INFO:Fitting Model
2024-05-04 05:00:06,633:INFO:IForest(behaviour='new', bootstrap=False, contamination=0.05,
    max_features=1.0, max_samples='auto', n_estimators=100, n_jobs=-1,
    random_state=100, verbose=0)
2024-05-04 05:00:06,633:INFO:create_models() successfully completed......................................
2024-05-04 05:00:06,634:INFO:Uploading results into container
2024-05-04 05:00:06,634:INFO:Uploading model into container now
2024-05-04 05:00:06,635:INFO:_master_model_container: 3
2024-05-04 05:00:06,636:INFO:_display_container: 1
2024-05-04 05:00:06,636:INFO:IForest(behaviour='new', bootstrap=False, contamination=0.05,
    max_features=1.0, max_samples='auto', n_estimators=100, n_jobs=-1,
    random_state=100, verbose=0)
2024-05-04 05:00:06,636:INFO:create_model() successfully completed......................................
2024-05-04 05:00:11,849:INFO:Initializing plot_model()
2024-05-04 05:00:11,850:INFO:plot_model(plot=tsne, fold=None, verbose=True, display=None, display_format=None, estimator=IForest(behaviour='new', bootstrap=False, contamination=0.05,
    max_features=1.0, max_samples='auto', n_estimators=100, n_jobs=-1,
    random_state=100, verbose=0), feature_name=None, fit_kwargs=None, groups=None, label=False, plot_kwargs=None, save=False, scale=1, self=<pycaret.anomaly.oop.AnomalyExperiment object at 0x322c01510>, system=True)
2024-05-04 05:00:11,850:INFO:Checking exceptions
2024-05-04 05:00:11,927:INFO:Preloading libraries
2024-05-04 05:00:11,932:INFO:Copying training dataset
2024-05-04 05:00:11,933:INFO:Plot type: tsne
2024-05-04 05:00:11,933:INFO:SubProcess assign_model() called ==================================
2024-05-04 05:00:11,933:INFO:Initializing assign_model()
2024-05-04 05:00:11,934:INFO:assign_model(self=<pycaret.anomaly.oop.AnomalyExperiment object at 0x322c01510>, model=IForest(behaviour='new', bootstrap=False, contamination=0.05,
    max_features=1.0, max_samples='auto', n_estimators=100, n_jobs=-1,
    random_state=100, verbose=0), transformation=True, score=False, verbose=False)
2024-05-04 05:00:11,934:INFO:Checking exceptions
2024-05-04 05:00:11,934:INFO:Determining Trained Model
2024-05-04 05:00:11,934:INFO:Trained Model : Isolation Forest
2024-05-04 05:00:11,934:INFO:Copying data
2024-05-04 05:00:11,940:INFO:Transformation parameter set to True. Assigned clusters are attached on transformed dataset.
2024-05-04 05:00:11,940:INFO:(4231, 20)
2024-05-04 05:00:11,941:INFO:assign_model() successfully completed......................................
2024-05-04 05:00:11,941:INFO:SubProcess assign_model() end ==================================
2024-05-04 05:00:11,941:INFO:Getting dummies to cast categorical variables
2024-05-04 05:00:11,941:INFO:Fitting TSNE()
2024-05-04 05:00:28,941:INFO:Rendering Visual
2024-05-04 05:00:28,970:INFO:Visual Rendered Successfully
2024-05-04 05:00:29,060:INFO:plot_model() successfully completed......................................
2024-05-04 05:02:38,049:WARNING:
'cuml' is a soft dependency and not included in the pycaret installation. Please run: `pip install cuml` to install.
2024-05-04 05:02:38,053:WARNING:
'cuml' is a soft dependency and not included in the pycaret installation. Please run: `pip install cuml` to install.
2024-05-04 05:02:38,053:WARNING:
'cuml' is a soft dependency and not included in the pycaret installation. Please run: `pip install cuml` to install.
2024-05-04 05:02:38,053:WARNING:
'cuml' is a soft dependency and not included in the pycaret installation. Please run: `pip install cuml` to install.
2024-05-04 05:02:42,932:INFO:PyCaret AnomalyExperiment
2024-05-04 05:02:42,932:INFO:Logging name: anomaly-default-name
2024-05-04 05:02:42,932:INFO:ML Usecase: MLUsecase.ANOMALY
2024-05-04 05:02:42,932:INFO:version 3.3.2
2024-05-04 05:02:42,932:INFO:Initializing setup()
2024-05-04 05:02:42,932:INFO:self.USI: 635f
2024-05-04 05:02:42,932:INFO:self._variable_keys: {'seed', 'gpu_n_jobs_param', 'exp_id', 'X', 'html_param', 'pipeline', '_ml_usecase', 'n_jobs_param', 'gpu_param', 'USI', 'logging_param', 'memory', 'log_plots_param', 'data', 'idx', '_available_plots', 'exp_name_log'}
2024-05-04 05:02:42,932:INFO:Checking environment
2024-05-04 05:02:42,932:INFO:python_version: 3.10.13
2024-05-04 05:02:42,932:INFO:python_build: ('main', 'Dec 23 2023 15:35:25')
2024-05-04 05:02:42,932:INFO:machine: arm64
2024-05-04 05:02:42,932:INFO:platform: macOS-14.4.1-arm64-arm-64bit
2024-05-04 05:02:42,932:INFO:Memory: svmem(total=68719476736, available=35503439872, percent=48.3, used=32256819200, free=5313249280, active=29565599744, inactive=27089240064, wired=2691219456)
2024-05-04 05:02:42,932:INFO:Physical Core: 10
2024-05-04 05:02:42,932:INFO:Logical Core: 10
2024-05-04 05:02:42,932:INFO:Checking libraries
2024-05-04 05:02:42,932:INFO:System:
2024-05-04 05:02:42,932:INFO:    python: 3.10.13 | packaged by conda-forge | (main, Dec 23 2023, 15:35:25) [Clang 16.0.6 ]
2024-05-04 05:02:42,932:INFO:executable: /Users/gonzalezulises/miniconda3/envs/supermercado/bin/python
2024-05-04 05:02:42,932:INFO:   machine: macOS-14.4.1-arm64-arm-64bit
2024-05-04 05:02:42,932:INFO:PyCaret required dependencies:
2024-05-04 05:02:42,969:INFO:                 pip: 23.3.1
2024-05-04 05:02:42,969:INFO:          setuptools: 68.2.2
2024-05-04 05:02:42,969:INFO:             pycaret: 3.3.2
2024-05-04 05:02:42,969:INFO:             IPython: 8.22.2
2024-05-04 05:02:42,969:INFO:          ipywidgets: 8.1.2
2024-05-04 05:02:42,969:INFO:                tqdm: 4.66.2
2024-05-04 05:02:42,969:INFO:               numpy: 1.26.4
2024-05-04 05:02:42,969:INFO:              pandas: 1.5.3
2024-05-04 05:02:42,969:INFO:              jinja2: 3.1.3
2024-05-04 05:02:42,969:INFO:               scipy: 1.11.4
2024-05-04 05:02:42,969:INFO:              joblib: 1.3.2
2024-05-04 05:02:42,969:INFO:             sklearn: 1.4.2
2024-05-04 05:02:42,969:INFO:                pyod: 1.1.3
2024-05-04 05:02:42,969:INFO:            imblearn: 0.12.2
2024-05-04 05:02:42,969:INFO:   category_encoders: 2.6.3
2024-05-04 05:02:42,969:INFO:            lightgbm: 4.3.0
2024-05-04 05:02:42,969:INFO:               numba: 0.59.1
2024-05-04 05:02:42,969:INFO:            requests: 2.31.0
2024-05-04 05:02:42,969:INFO:          matplotlib: 3.7.1
2024-05-04 05:02:42,969:INFO:          scikitplot: 0.3.7
2024-05-04 05:02:42,969:INFO:         yellowbrick: 1.5
2024-05-04 05:02:42,969:INFO:              plotly: 5.22.0
2024-05-04 05:02:42,969:INFO:    plotly-resampler: Not installed
2024-05-04 05:02:42,969:INFO:             kaleido: 0.2.1
2024-05-04 05:02:42,969:INFO:           schemdraw: 0.15
2024-05-04 05:02:42,969:INFO:         statsmodels: 0.14.1
2024-05-04 05:02:42,969:INFO:              sktime: 0.26.0
2024-05-04 05:02:42,969:INFO:               tbats: 1.1.3
2024-05-04 05:02:42,969:INFO:            pmdarima: 2.0.4
2024-05-04 05:02:42,969:INFO:              psutil: 5.9.8
2024-05-04 05:02:42,969:INFO:          markupsafe: 2.1.5
2024-05-04 05:02:42,969:INFO:             pickle5: Not installed
2024-05-04 05:02:42,969:INFO:         cloudpickle: 3.0.0
2024-05-04 05:02:42,969:INFO:         deprecation: 2.1.0
2024-05-04 05:02:42,969:INFO:              xxhash: 3.4.1
2024-05-04 05:02:42,969:INFO:           wurlitzer: 3.1.0
2024-05-04 05:02:42,969:INFO:PyCaret optional dependencies:
2024-05-04 05:02:42,976:INFO:                shap: Not installed
2024-05-04 05:02:42,976:INFO:           interpret: Not installed
2024-05-04 05:02:42,976:INFO:                umap: Not installed
2024-05-04 05:02:42,976:INFO:     ydata_profiling: Not installed
2024-05-04 05:02:42,976:INFO:  explainerdashboard: Not installed
2024-05-04 05:02:42,976:INFO:             autoviz: Not installed
2024-05-04 05:02:42,976:INFO:           fairlearn: Not installed
2024-05-04 05:02:42,976:INFO:          deepchecks: Not installed
2024-05-04 05:02:42,976:INFO:             xgboost: Not installed
2024-05-04 05:02:42,976:INFO:            catboost: Not installed
2024-05-04 05:02:42,976:INFO:              kmodes: Not installed
2024-05-04 05:02:42,976:INFO:             mlxtend: Not installed
2024-05-04 05:02:42,976:INFO:       statsforecast: Not installed
2024-05-04 05:02:42,976:INFO:        tune_sklearn: Not installed
2024-05-04 05:02:42,976:INFO:                 ray: Not installed
2024-05-04 05:02:42,976:INFO:            hyperopt: Not installed
2024-05-04 05:02:42,976:INFO:              optuna: Not installed
2024-05-04 05:02:42,976:INFO:               skopt: Not installed
2024-05-04 05:02:42,976:INFO:              mlflow: Not installed
2024-05-04 05:02:42,976:INFO:              gradio: Not installed
2024-05-04 05:02:42,976:INFO:             fastapi: Not installed
2024-05-04 05:02:42,976:INFO:             uvicorn: Not installed
2024-05-04 05:02:42,976:INFO:              m2cgen: Not installed
2024-05-04 05:02:42,976:INFO:           evidently: Not installed
2024-05-04 05:02:42,976:INFO:               fugue: Not installed
2024-05-04 05:02:42,976:INFO:           streamlit: Not installed
2024-05-04 05:02:42,976:INFO:             prophet: Not installed
2024-05-04 05:02:42,976:INFO:None
2024-05-04 05:02:42,976:INFO:Set up data.
2024-05-04 05:02:42,979:INFO:Set up index.
2024-05-04 05:02:42,979:INFO:Assigning column types.
2024-05-04 05:02:42,980:INFO:Engine successfully changes for model 'kmeans' to 'sklearn'.
2024-05-04 05:02:43,083:INFO:Engine successfully changes for model 'dbscan' to 'sklearn'.
2024-05-04 05:02:43,084:INFO:Preparing preprocessing pipeline...
2024-05-04 05:02:43,084:INFO:Set up simple imputation.
2024-05-04 05:02:43,090:INFO:Finished creating preprocessing pipeline.
2024-05-04 05:02:43,092:INFO:Pipeline: Pipeline(memory=FastMemory(location=/var/folders/xz/cy4m1yx914dd0zx5s4lc56k00000gn/T/joblib),
         steps=[('numerical_imputer',
                 TransformerWrapper(include=['p5_1', 'p5_2', 'p5_3', 'p5_4',
                                             'p5_5', 'p5_6', 'p5_7', 'p5_8',
                                             'p5_9', 'p5_10', 'p5_11', 'p7_1',
                                             'p7_2', 'p7_3', 'p7_4', 'p7_5',
                                             'p7_6', 'p7_7', 'p8'],
                                    transformer=SimpleImputer())),
                ('categorical_imputer',
                 TransformerWrapper(include=[],
                                    transformer=SimpleImputer(strategy='most_frequent')))])
2024-05-04 05:02:43,092:INFO:Creating final display dataframe.
2024-05-04 05:02:43,097:INFO:Setup _display_container:                Description                 Value
0               Session id                   100
1      Original data shape            (4231, 19)
2   Transformed data shape            (4231, 19)
3         Numeric features                    19
4               Preprocess                  True
5          Imputation type                simple
6       Numeric imputation                  mean
7   Categorical imputation                  mode
8                 CPU Jobs                    -1
9                  Use GPU                 False
10          Log Experiment                 False
11         Experiment Name  anomaly-default-name
12                     USI                  635f
2024-05-04 05:02:43,100:INFO:setup() successfully completed in 0.17s...............
2024-05-04 05:02:43,103:INFO:Initializing create_model()
2024-05-04 05:02:43,103:INFO:create_model(self=<pycaret.anomaly.oop.AnomalyExperiment object at 0x31f239090>, estimator=iforest, num_clusters=4, fraction=0.05, ground_truth=None, round=4, fit_kwargs=None, experiment_custom_tags=None, verbose=True, system=True, add_to_model_list=True, raise_num_clusters=False, display=None, kwargs={})
2024-05-04 05:02:43,103:INFO:Checking exceptions
2024-05-04 05:02:43,120:INFO:Importing untrained model
2024-05-04 05:02:43,122:INFO:Isolation Forest Imported successfully
2024-05-04 05:02:43,124:INFO:Fitting Model
2024-05-04 05:02:43,246:INFO:IForest(behaviour='new', bootstrap=False, contamination=0.05,
    max_features=1.0, max_samples='auto', n_estimators=100, n_jobs=-1,
    random_state=100, verbose=0)
2024-05-04 05:02:43,246:INFO:create_models() successfully completed......................................
2024-05-04 05:02:43,248:INFO:Uploading results into container
2024-05-04 05:02:43,248:INFO:Uploading model into container now
2024-05-04 05:02:43,249:INFO:_master_model_container: 1
2024-05-04 05:02:43,249:INFO:_display_container: 1
2024-05-04 05:02:43,249:INFO:IForest(behaviour='new', bootstrap=False, contamination=0.05,
    max_features=1.0, max_samples='auto', n_estimators=100, n_jobs=-1,
    random_state=100, verbose=0)
2024-05-04 05:02:43,249:INFO:create_model() successfully completed......................................
2024-05-04 05:02:43,331:INFO:Initializing plot_model()
2024-05-04 05:02:43,331:INFO:plot_model(plot=tsne, fold=None, verbose=True, display=None, display_format=None, estimator=IForest(behaviour='new', bootstrap=False, contamination=0.05,
    max_features=1.0, max_samples='auto', n_estimators=100, n_jobs=-1,
    random_state=100, verbose=0), feature_name=None, fit_kwargs=None, groups=None, label=False, plot_kwargs=None, save=False, scale=1, self=<pycaret.anomaly.oop.AnomalyExperiment object at 0x31f239090>, system=True)
2024-05-04 05:02:43,331:INFO:Checking exceptions
2024-05-04 05:02:44,130:INFO:Preloading libraries
2024-05-04 05:02:44,134:INFO:Copying training dataset
2024-05-04 05:02:44,134:INFO:Plot type: tsne
2024-05-04 05:02:44,135:INFO:SubProcess assign_model() called ==================================
2024-05-04 05:02:44,135:INFO:Initializing assign_model()
2024-05-04 05:02:44,135:INFO:assign_model(self=<pycaret.anomaly.oop.AnomalyExperiment object at 0x31f239090>, model=IForest(behaviour='new', bootstrap=False, contamination=0.05,
    max_features=1.0, max_samples='auto', n_estimators=100, n_jobs=-1,
    random_state=100, verbose=0), transformation=True, score=False, verbose=False)
2024-05-04 05:02:44,135:INFO:Checking exceptions
2024-05-04 05:02:44,135:INFO:Determining Trained Model
2024-05-04 05:02:44,135:INFO:Trained Model : Isolation Forest
2024-05-04 05:02:44,135:INFO:Copying data
2024-05-04 05:02:44,141:INFO:Transformation parameter set to True. Assigned clusters are attached on transformed dataset.
2024-05-04 05:02:44,141:INFO:(4231, 20)
2024-05-04 05:02:44,141:INFO:assign_model() successfully completed......................................
2024-05-04 05:02:44,142:INFO:SubProcess assign_model() end ==================================
2024-05-04 05:02:44,142:INFO:Getting dummies to cast categorical variables
2024-05-04 05:02:44,142:INFO:Fitting TSNE()
2024-05-04 05:03:01,996:INFO:Rendering Visual
2024-05-04 05:03:02,246:INFO:Visual Rendered Successfully
2024-05-04 05:03:02,364:INFO:plot_model() successfully completed......................................
2024-05-04 05:03:42,344:INFO:Initializing plot_model()
2024-05-04 05:03:42,345:INFO:plot_model(plot=umap, fold=None, verbose=True, display=None, display_format=None, estimator=IForest(behaviour='new', bootstrap=False, contamination=0.05,
    max_features=1.0, max_samples='auto', n_estimators=100, n_jobs=-1,
    random_state=100, verbose=0), feature_name=None, fit_kwargs=None, groups=None, label=False, plot_kwargs=None, save=False, scale=1, self=<pycaret.anomaly.oop.AnomalyExperiment object at 0x31f239090>, system=True)
2024-05-04 05:03:42,346:INFO:Checking exceptions
2024-05-04 05:03:42,412:INFO:Preloading libraries
2024-05-04 05:03:42,417:INFO:Copying training dataset
2024-05-04 05:03:42,417:INFO:Plot type: umap
2024-05-04 05:03:42,418:INFO:SubProcess assign_model() called ==================================
2024-05-04 05:03:42,418:INFO:Initializing assign_model()
2024-05-04 05:03:42,418:INFO:assign_model(self=<pycaret.anomaly.oop.AnomalyExperiment object at 0x31f239090>, model=IForest(behaviour='new', bootstrap=False, contamination=0.05,
    max_features=1.0, max_samples='auto', n_estimators=100, n_jobs=-1,
    random_state=100, verbose=0), transformation=True, score=False, verbose=False)
2024-05-04 05:03:42,418:INFO:Checking exceptions
2024-05-04 05:03:42,418:INFO:Determining Trained Model
2024-05-04 05:03:42,419:INFO:Trained Model : Isolation Forest
2024-05-04 05:03:42,419:INFO:Copying data
2024-05-04 05:03:42,425:INFO:Transformation parameter set to True. Assigned clusters are attached on transformed dataset.
2024-05-04 05:03:42,426:INFO:(4231, 20)
2024-05-04 05:03:42,426:INFO:assign_model() successfully completed......................................
2024-05-04 05:03:42,426:INFO:SubProcess assign_model() end ==================================
2024-05-04 05:03:42,427:ERROR:
'umap' is a soft dependency and not included in the pycaret installation. Please run: `pip install umap-learn` to install.
Alternately, you can install this by running `pip install pycaret[analysis]`
NoneType: None
2024-05-04 05:04:03,431:INFO:Initializing plot_model()
2024-05-04 05:04:03,432:INFO:plot_model(plot=umap, fold=None, verbose=True, display=None, display_format=None, estimator=IForest(behaviour='new', bootstrap=False, contamination=0.05,
    max_features=1.0, max_samples='auto', n_estimators=100, n_jobs=-1,
    random_state=100, verbose=0), feature_name=None, fit_kwargs=None, groups=None, label=False, plot_kwargs=None, save=False, scale=1, self=<pycaret.anomaly.oop.AnomalyExperiment object at 0x31f239090>, system=True)
2024-05-04 05:04:03,432:INFO:Checking exceptions
2024-05-04 05:04:03,508:INFO:Preloading libraries
2024-05-04 05:04:03,514:INFO:Copying training dataset
2024-05-04 05:04:03,514:INFO:Plot type: umap
2024-05-04 05:04:03,514:INFO:SubProcess assign_model() called ==================================
2024-05-04 05:04:03,515:INFO:Initializing assign_model()
2024-05-04 05:04:03,515:INFO:assign_model(self=<pycaret.anomaly.oop.AnomalyExperiment object at 0x31f239090>, model=IForest(behaviour='new', bootstrap=False, contamination=0.05,
    max_features=1.0, max_samples='auto', n_estimators=100, n_jobs=-1,
    random_state=100, verbose=0), transformation=True, score=False, verbose=False)
2024-05-04 05:04:03,515:INFO:Checking exceptions
2024-05-04 05:04:03,515:INFO:Determining Trained Model
2024-05-04 05:04:03,515:INFO:Trained Model : Isolation Forest
2024-05-04 05:04:03,515:INFO:Copying data
2024-05-04 05:04:03,522:INFO:Transformation parameter set to True. Assigned clusters are attached on transformed dataset.
2024-05-04 05:04:03,522:INFO:(4231, 20)
2024-05-04 05:04:03,522:INFO:assign_model() successfully completed......................................
2024-05-04 05:04:03,522:INFO:SubProcess assign_model() end ==================================
2024-05-04 05:04:03,522:ERROR:
'umap' is a soft dependency and not included in the pycaret installation. Please run: `pip install umap-learn` to install.
Alternately, you can install this by running `pip install pycaret[analysis]`
NoneType: None
2024-05-04 05:05:09,320:INFO:Initializing plot_model()
2024-05-04 05:05:09,321:INFO:plot_model(plot=umap, fold=None, verbose=True, display=None, display_format=None, estimator=IForest(behaviour='new', bootstrap=False, contamination=0.05,
    max_features=1.0, max_samples='auto', n_estimators=100, n_jobs=-1,
    random_state=100, verbose=0), feature_name=None, fit_kwargs=None, groups=None, label=False, plot_kwargs=None, save=False, scale=1, self=<pycaret.anomaly.oop.AnomalyExperiment object at 0x31f239090>, system=True)
2024-05-04 05:05:09,321:INFO:Checking exceptions
2024-05-04 05:05:09,391:INFO:Preloading libraries
2024-05-04 05:05:09,397:INFO:Copying training dataset
2024-05-04 05:05:09,397:INFO:Plot type: umap
2024-05-04 05:05:09,398:INFO:SubProcess assign_model() called ==================================
2024-05-04 05:05:09,398:INFO:Initializing assign_model()
2024-05-04 05:05:09,398:INFO:assign_model(self=<pycaret.anomaly.oop.AnomalyExperiment object at 0x31f239090>, model=IForest(behaviour='new', bootstrap=False, contamination=0.05,
    max_features=1.0, max_samples='auto', n_estimators=100, n_jobs=-1,
    random_state=100, verbose=0), transformation=True, score=False, verbose=False)
2024-05-04 05:05:09,398:INFO:Checking exceptions
2024-05-04 05:05:09,398:INFO:Determining Trained Model
2024-05-04 05:05:09,398:INFO:Trained Model : Isolation Forest
2024-05-04 05:05:09,398:INFO:Copying data
2024-05-04 05:05:09,404:INFO:Transformation parameter set to True. Assigned clusters are attached on transformed dataset.
2024-05-04 05:05:09,405:INFO:(4231, 20)
2024-05-04 05:05:09,405:INFO:assign_model() successfully completed......................................
2024-05-04 05:05:09,405:INFO:SubProcess assign_model() end ==================================
2024-05-04 05:05:09,406:ERROR:
'umap' is a soft dependency and not included in the pycaret installation. Please run: `pip install umap-learn` to install.
Alternately, you can install this by running `pip install pycaret[analysis]`
NoneType: None
2024-05-04 05:05:27,187:WARNING:
'cuml' is a soft dependency and not included in the pycaret installation. Please run: `pip install cuml` to install.
2024-05-04 05:05:27,188:WARNING:
'cuml' is a soft dependency and not included in the pycaret installation. Please run: `pip install cuml` to install.
2024-05-04 05:05:27,188:WARNING:
'cuml' is a soft dependency and not included in the pycaret installation. Please run: `pip install cuml` to install.
2024-05-04 05:05:27,188:WARNING:
'cuml' is a soft dependency and not included in the pycaret installation. Please run: `pip install cuml` to install.
2024-05-04 05:05:29,714:WARNING:/Users/gonzalezulises/miniconda3/envs/supermercado/lib/python3.10/site-packages/dataprep/eda/utils.py:392: RuntimeWarning: ks_2samp: Exact calculation unsuccessful. Switching to method=asymp.
  return cast(Tuple[float, float], ks_2samp_(data1, data2))

2024-05-04 05:05:31,802:INFO:PyCaret AnomalyExperiment
2024-05-04 05:05:31,802:INFO:Logging name: anomaly-default-name
2024-05-04 05:05:31,802:INFO:ML Usecase: MLUsecase.ANOMALY
2024-05-04 05:05:31,802:INFO:version 3.3.2
2024-05-04 05:05:31,802:INFO:Initializing setup()
2024-05-04 05:05:31,802:INFO:self.USI: 46ba
2024-05-04 05:05:31,802:INFO:self._variable_keys: {'log_plots_param', '_available_plots', 'exp_name_log', 'pipeline', 'exp_id', 'gpu_n_jobs_param', 'n_jobs_param', 'data', 'idx', 'gpu_param', 'USI', 'seed', 'logging_param', 'memory', 'html_param', 'X', '_ml_usecase'}
2024-05-04 05:05:31,802:INFO:Checking environment
2024-05-04 05:05:31,802:INFO:python_version: 3.10.13
2024-05-04 05:05:31,802:INFO:python_build: ('main', 'Dec 23 2023 15:35:25')
2024-05-04 05:05:31,802:INFO:machine: arm64
2024-05-04 05:05:31,802:INFO:platform: macOS-14.4.1-arm64-arm-64bit
2024-05-04 05:05:31,802:INFO:Memory: svmem(total=68719476736, available=35149512704, percent=48.9, used=32613548032, free=5228478464, active=29693444096, inactive=27069104128, wired=2920103936)
2024-05-04 05:05:31,802:INFO:Physical Core: 10
2024-05-04 05:05:31,802:INFO:Logical Core: 10
2024-05-04 05:05:31,802:INFO:Checking libraries
2024-05-04 05:05:31,802:INFO:System:
2024-05-04 05:05:31,802:INFO:    python: 3.10.13 | packaged by conda-forge | (main, Dec 23 2023, 15:35:25) [Clang 16.0.6 ]
2024-05-04 05:05:31,802:INFO:executable: /Users/gonzalezulises/miniconda3/envs/supermercado/bin/python
2024-05-04 05:05:31,802:INFO:   machine: macOS-14.4.1-arm64-arm-64bit
2024-05-04 05:05:31,802:INFO:PyCaret required dependencies:
2024-05-04 05:05:31,844:INFO:                 pip: 23.3.1
2024-05-04 05:05:31,845:INFO:          setuptools: 68.2.2
2024-05-04 05:05:31,845:INFO:             pycaret: 3.3.2
2024-05-04 05:05:31,845:INFO:             IPython: 8.22.2
2024-05-04 05:05:31,845:INFO:          ipywidgets: 8.1.2
2024-05-04 05:05:31,845:INFO:                tqdm: 4.66.2
2024-05-04 05:05:31,845:INFO:               numpy: 1.26.4
2024-05-04 05:05:31,845:INFO:              pandas: 2.1.4
2024-05-04 05:05:31,845:INFO:              jinja2: 3.1.3
2024-05-04 05:05:31,845:INFO:               scipy: 1.11.4
2024-05-04 05:05:31,845:INFO:              joblib: 1.3.2
2024-05-04 05:05:31,845:INFO:             sklearn: 1.4.2
2024-05-04 05:05:31,845:INFO:                pyod: 1.1.3
2024-05-04 05:05:31,845:INFO:            imblearn: 0.12.2
2024-05-04 05:05:31,845:INFO:   category_encoders: 2.6.3
2024-05-04 05:05:31,845:INFO:            lightgbm: 4.3.0
2024-05-04 05:05:31,845:INFO:               numba: 0.59.1
2024-05-04 05:05:31,845:INFO:            requests: 2.31.0
2024-05-04 05:05:31,845:INFO:          matplotlib: 3.7.1
2024-05-04 05:05:31,845:INFO:          scikitplot: 0.3.7
2024-05-04 05:05:31,845:INFO:         yellowbrick: 1.5
2024-05-04 05:05:31,845:INFO:              plotly: 5.22.0
2024-05-04 05:05:31,845:INFO:    plotly-resampler: Not installed
2024-05-04 05:05:31,845:INFO:             kaleido: 0.2.1
2024-05-04 05:05:31,845:INFO:           schemdraw: 0.15
2024-05-04 05:05:31,845:INFO:         statsmodels: 0.14.1
2024-05-04 05:05:31,845:INFO:              sktime: 0.26.0
2024-05-04 05:05:31,845:INFO:               tbats: 1.1.3
2024-05-04 05:05:31,845:INFO:            pmdarima: 2.0.4
2024-05-04 05:05:31,845:INFO:              psutil: 5.9.8
2024-05-04 05:05:31,845:INFO:          markupsafe: 2.1.5
2024-05-04 05:05:31,845:INFO:             pickle5: Not installed
2024-05-04 05:05:31,845:INFO:         cloudpickle: 3.0.0
2024-05-04 05:05:31,845:INFO:         deprecation: 2.1.0
2024-05-04 05:05:31,845:INFO:              xxhash: 3.4.1
2024-05-04 05:05:31,845:INFO:           wurlitzer: 3.1.0
2024-05-04 05:05:31,845:INFO:PyCaret optional dependencies:
2024-05-04 05:05:31,851:INFO:                shap: 0.44.1
2024-05-04 05:05:31,851:INFO:           interpret: 0.6.1
2024-05-04 05:05:31,851:INFO:                umap: 0.5.6
2024-05-04 05:05:31,851:INFO:     ydata_profiling: 4.7.0
2024-05-04 05:05:31,851:INFO:  explainerdashboard: 0.4.7
2024-05-04 05:05:31,851:INFO:             autoviz: Not installed
2024-05-04 05:05:31,852:INFO:           fairlearn: 0.7.0
2024-05-04 05:05:31,852:INFO:          deepchecks: Not installed
2024-05-04 05:05:31,852:INFO:             xgboost: Not installed
2024-05-04 05:05:31,852:INFO:            catboost: Not installed
2024-05-04 05:05:31,852:INFO:              kmodes: Not installed
2024-05-04 05:05:31,852:INFO:             mlxtend: Not installed
2024-05-04 05:05:31,852:INFO:       statsforecast: Not installed
2024-05-04 05:05:31,852:INFO:        tune_sklearn: Not installed
2024-05-04 05:05:31,852:INFO:                 ray: Not installed
2024-05-04 05:05:31,852:INFO:            hyperopt: Not installed
2024-05-04 05:05:31,852:INFO:              optuna: Not installed
2024-05-04 05:05:31,852:INFO:               skopt: Not installed
2024-05-04 05:05:31,852:INFO:              mlflow: Not installed
2024-05-04 05:05:31,852:INFO:              gradio: Not installed
2024-05-04 05:05:31,852:INFO:             fastapi: Not installed
2024-05-04 05:05:31,852:INFO:             uvicorn: Not installed
2024-05-04 05:05:31,852:INFO:              m2cgen: Not installed
2024-05-04 05:05:31,852:INFO:           evidently: Not installed
2024-05-04 05:05:31,852:INFO:               fugue: Not installed
2024-05-04 05:05:31,852:INFO:           streamlit: Not installed
2024-05-04 05:05:31,852:INFO:             prophet: Not installed
2024-05-04 05:05:31,852:INFO:None
2024-05-04 05:05:31,852:INFO:Set up data.
2024-05-04 05:05:31,855:INFO:Set up index.
2024-05-04 05:05:31,855:INFO:Assigning column types.
2024-05-04 05:05:31,857:INFO:Engine successfully changes for model 'kmeans' to 'sklearn'.
2024-05-04 05:05:32,086:INFO:Engine successfully changes for model 'dbscan' to 'sklearn'.
2024-05-04 05:05:32,087:INFO:Preparing preprocessing pipeline...
2024-05-04 05:05:32,087:INFO:Set up simple imputation.
2024-05-04 05:05:32,095:INFO:Finished creating preprocessing pipeline.
2024-05-04 05:05:32,097:INFO:Pipeline: Pipeline(memory=FastMemory(location=/var/folders/xz/cy4m1yx914dd0zx5s4lc56k00000gn/T/joblib),
         steps=[('numerical_imputer',
                 TransformerWrapper(include=['p5_1', 'p5_2', 'p5_3', 'p5_4',
                                             'p5_5', 'p5_6', 'p5_7', 'p5_8',
                                             'p5_9', 'p5_10', 'p5_11', 'p7_1',
                                             'p7_2', 'p7_3', 'p7_4', 'p7_5',
                                             'p7_6', 'p7_7', 'p8'],
                                    transformer=SimpleImputer())),
                ('categorical_imputer',
                 TransformerWrapper(include=[],
                                    transformer=SimpleImputer(strategy='most_frequent')))])
2024-05-04 05:05:32,097:INFO:Creating final display dataframe.
2024-05-04 05:05:32,105:INFO:Setup _display_container:                Description                 Value
0               Session id                   100
1      Original data shape            (4231, 19)
2   Transformed data shape            (4231, 19)
3         Numeric features                    19
4               Preprocess                  True
5          Imputation type                simple
6       Numeric imputation                  mean
7   Categorical imputation                  mode
8                 CPU Jobs                    -1
9                  Use GPU                 False
10          Log Experiment                 False
11         Experiment Name  anomaly-default-name
12                     USI                  46ba
2024-05-04 05:05:32,108:INFO:setup() successfully completed in 0.31s...............
2024-05-04 05:05:32,112:INFO:Initializing create_model()
2024-05-04 05:05:32,112:INFO:create_model(self=<pycaret.anomaly.oop.AnomalyExperiment object at 0x3249b0700>, estimator=iforest, num_clusters=4, fraction=0.05, ground_truth=None, round=4, fit_kwargs=None, experiment_custom_tags=None, verbose=True, system=True, add_to_model_list=True, raise_num_clusters=False, display=None, kwargs={})
2024-05-04 05:05:32,112:INFO:Checking exceptions
2024-05-04 05:05:32,131:INFO:Importing untrained model
2024-05-04 05:05:32,133:INFO:Isolation Forest Imported successfully
2024-05-04 05:05:32,135:INFO:Fitting Model
2024-05-04 05:05:32,251:INFO:IForest(behaviour='new', bootstrap=False, contamination=0.05,
    max_features=1.0, max_samples='auto', n_estimators=100, n_jobs=-1,
    random_state=100, verbose=0)
2024-05-04 05:05:32,251:INFO:create_models() successfully completed......................................
2024-05-04 05:05:32,252:INFO:Uploading results into container
2024-05-04 05:05:32,252:INFO:Uploading model into container now
2024-05-04 05:05:32,254:INFO:_master_model_container: 1
2024-05-04 05:05:32,254:INFO:_display_container: 1
2024-05-04 05:05:32,254:INFO:IForest(behaviour='new', bootstrap=False, contamination=0.05,
    max_features=1.0, max_samples='auto', n_estimators=100, n_jobs=-1,
    random_state=100, verbose=0)
2024-05-04 05:05:32,254:INFO:create_model() successfully completed......................................
2024-05-04 05:05:32,338:INFO:Initializing plot_model()
2024-05-04 05:05:32,339:INFO:plot_model(plot=umap, fold=None, verbose=True, display=None, display_format=None, estimator=IForest(behaviour='new', bootstrap=False, contamination=0.05,
    max_features=1.0, max_samples='auto', n_estimators=100, n_jobs=-1,
    random_state=100, verbose=0), feature_name=None, fit_kwargs=None, groups=None, label=False, plot_kwargs=None, save=False, scale=1, self=<pycaret.anomaly.oop.AnomalyExperiment object at 0x3249b0700>, system=True)
2024-05-04 05:05:32,339:INFO:Checking exceptions
2024-05-04 05:05:33,123:INFO:Preloading libraries
2024-05-04 05:05:33,128:INFO:Copying training dataset
2024-05-04 05:05:33,128:INFO:Plot type: umap
2024-05-04 05:05:33,128:INFO:SubProcess assign_model() called ==================================
2024-05-04 05:05:33,128:INFO:Initializing assign_model()
2024-05-04 05:05:33,128:INFO:assign_model(self=<pycaret.anomaly.oop.AnomalyExperiment object at 0x3249b0700>, model=IForest(behaviour='new', bootstrap=False, contamination=0.05,
    max_features=1.0, max_samples='auto', n_estimators=100, n_jobs=-1,
    random_state=100, verbose=0), transformation=True, score=False, verbose=False)
2024-05-04 05:05:33,129:INFO:Checking exceptions
2024-05-04 05:05:33,129:INFO:Determining Trained Model
2024-05-04 05:05:33,129:INFO:Trained Model : Isolation Forest
2024-05-04 05:05:33,129:INFO:Copying data
2024-05-04 05:05:33,138:INFO:Transformation parameter set to True. Assigned clusters are attached on transformed dataset.
2024-05-04 05:05:33,138:INFO:(4231, 20)
2024-05-04 05:05:33,138:INFO:assign_model() successfully completed......................................
2024-05-04 05:05:33,138:INFO:SubProcess assign_model() end ==================================
2024-05-04 05:05:33,138:INFO:Soft dependency imported: umap: 0.5.6
2024-05-04 05:05:38,071:INFO:Fitting UMAP()
2024-05-04 05:05:38,157:WARNING:OMP: Info #276: omp_set_nested routine deprecated, please use omp_set_max_active_levels instead.
2024-05-04 05:05:48,328:INFO:Rendering Visual
2024-05-04 05:05:48,520:INFO:Visual Rendered Successfully
2024-05-04 05:05:48,691:INFO:plot_model() successfully completed......................................
2024-05-04 05:06:56,402:WARNING:
'cuml' is a soft dependency and not included in the pycaret installation. Please run: `pip install cuml` to install.
2024-05-04 05:06:56,403:WARNING:
'cuml' is a soft dependency and not included in the pycaret installation. Please run: `pip install cuml` to install.
2024-05-04 05:06:56,403:WARNING:
'cuml' is a soft dependency and not included in the pycaret installation. Please run: `pip install cuml` to install.
2024-05-04 05:06:56,403:WARNING:
'cuml' is a soft dependency and not included in the pycaret installation. Please run: `pip install cuml` to install.
2024-05-04 05:08:44,903:WARNING:/Users/gonzalezulises/miniconda3/envs/py310/lib/python3.10/site-packages/dataprep/eda/utils.py:392: RuntimeWarning: ks_2samp: Exact calculation unsuccessful. Switching to method=asymp.
  return cast(Tuple[float, float], ks_2samp_(data1, data2))

2024-05-04 05:10:26,400:INFO:PyCaret AnomalyExperiment
2024-05-04 05:10:26,401:INFO:Logging name: anomaly-default-name
2024-05-04 05:10:26,401:INFO:ML Usecase: MLUsecase.ANOMALY
2024-05-04 05:10:26,401:INFO:version 3.3.1
2024-05-04 05:10:26,401:INFO:Initializing setup()
2024-05-04 05:10:26,401:INFO:self.USI: c881
2024-05-04 05:10:26,401:INFO:self._variable_keys: {'log_plots_param', 'data', 'USI', 'memory', '_available_plots', 'n_jobs_param', 'logging_param', 'seed', 'X', '_ml_usecase', 'gpu_n_jobs_param', 'html_param', 'exp_name_log', 'idx', 'pipeline', 'gpu_param', 'exp_id'}
2024-05-04 05:10:26,401:INFO:Checking environment
2024-05-04 05:10:26,401:INFO:python_version: 3.10.13
2024-05-04 05:10:26,401:INFO:python_build: ('main', 'Dec 23 2023 15:35:25')
2024-05-04 05:10:26,401:INFO:machine: arm64
2024-05-04 05:10:26,401:INFO:platform: macOS-14.4.1-arm64-arm-64bit
2024-05-04 05:10:26,401:INFO:Memory: svmem(total=68719476736, available=34850816000, percent=49.3, used=32909967360, free=4858855424, active=30056792064, inactive=27164278784, wired=2853175296)
2024-05-04 05:10:26,401:INFO:Physical Core: 10
2024-05-04 05:10:26,401:INFO:Logical Core: 10
2024-05-04 05:10:26,401:INFO:Checking libraries
2024-05-04 05:10:26,401:INFO:System:
2024-05-04 05:10:26,401:INFO:    python: 3.10.13 | packaged by conda-forge | (main, Dec 23 2023, 15:35:25) [Clang 16.0.6 ]
2024-05-04 05:10:26,401:INFO:executable: /Users/gonzalezulises/miniconda3/envs/py310/bin/python
2024-05-04 05:10:26,401:INFO:   machine: macOS-14.4.1-arm64-arm-64bit
2024-05-04 05:10:26,401:INFO:PyCaret required dependencies:
2024-05-04 05:10:26,433:INFO:                 pip: 23.3.1
2024-05-04 05:10:26,433:INFO:          setuptools: 68.2.2
2024-05-04 05:10:26,433:INFO:             pycaret: 3.3.1
2024-05-04 05:10:26,433:INFO:             IPython: 8.22.2
2024-05-04 05:10:26,433:INFO:          ipywidgets: 8.1.2
2024-05-04 05:10:26,434:INFO:                tqdm: 4.66.2
2024-05-04 05:10:26,434:INFO:               numpy: 1.26.4
2024-05-04 05:10:26,434:INFO:              pandas: 1.5.3
2024-05-04 05:10:26,434:INFO:              jinja2: 3.1.3
2024-05-04 05:10:26,434:INFO:               scipy: 1.11.4
2024-05-04 05:10:26,434:INFO:              joblib: 1.2.0
2024-05-04 05:10:26,434:INFO:             sklearn: 1.4.2
2024-05-04 05:10:26,434:INFO:                pyod: 1.1.3
2024-05-04 05:10:26,434:INFO:            imblearn: 0.12.2
2024-05-04 05:10:26,434:INFO:   category_encoders: 2.6.3
2024-05-04 05:10:26,434:INFO:            lightgbm: 4.3.0
2024-05-04 05:10:26,434:INFO:               numba: 0.59.1
2024-05-04 05:10:26,434:INFO:            requests: 2.31.0
2024-05-04 05:10:26,434:INFO:          matplotlib: 3.7.5
2024-05-04 05:10:26,434:INFO:          scikitplot: 0.3.7
2024-05-04 05:10:26,434:INFO:         yellowbrick: 1.5
2024-05-04 05:10:26,434:INFO:              plotly: 5.19.0
2024-05-04 05:10:26,434:INFO:    plotly-resampler: Not installed
2024-05-04 05:10:26,434:INFO:             kaleido: 0.2.1
2024-05-04 05:10:26,434:INFO:           schemdraw: 0.15
2024-05-04 05:10:26,434:INFO:         statsmodels: 0.14.0
2024-05-04 05:10:26,434:INFO:              sktime: 0.26.0
2024-05-04 05:10:26,434:INFO:               tbats: 1.1.3
2024-05-04 05:10:26,434:INFO:            pmdarima: 2.0.4
2024-05-04 05:10:26,434:INFO:              psutil: 5.9.0
2024-05-04 05:10:26,434:INFO:          markupsafe: 2.1.3
2024-05-04 05:10:26,434:INFO:             pickle5: Not installed
2024-05-04 05:10:26,434:INFO:         cloudpickle: 3.0.0
2024-05-04 05:10:26,434:INFO:         deprecation: 2.1.0
2024-05-04 05:10:26,434:INFO:              xxhash: 2.0.2
2024-05-04 05:10:26,434:INFO:           wurlitzer: 3.0.2
2024-05-04 05:10:26,434:INFO:PyCaret optional dependencies:
2024-05-04 05:10:26,440:INFO:                shap: Not installed
2024-05-04 05:10:26,440:INFO:           interpret: Not installed
2024-05-04 05:10:26,440:INFO:                umap: 0.5.6
2024-05-04 05:10:26,440:INFO:     ydata_profiling: Not installed
2024-05-04 05:10:26,440:INFO:  explainerdashboard: Not installed
2024-05-04 05:10:26,440:INFO:             autoviz: Not installed
2024-05-04 05:10:26,440:INFO:           fairlearn: Not installed
2024-05-04 05:10:26,440:INFO:          deepchecks: Not installed
2024-05-04 05:10:26,440:INFO:             xgboost: Not installed
2024-05-04 05:10:26,440:INFO:            catboost: Not installed
2024-05-04 05:10:26,440:INFO:              kmodes: Not installed
2024-05-04 05:10:26,440:INFO:             mlxtend: Not installed
2024-05-04 05:10:26,440:INFO:       statsforecast: Not installed
2024-05-04 05:10:26,440:INFO:        tune_sklearn: Not installed
2024-05-04 05:10:26,440:INFO:                 ray: Not installed
2024-05-04 05:10:26,440:INFO:            hyperopt: Not installed
2024-05-04 05:10:26,440:INFO:              optuna: Not installed
2024-05-04 05:10:26,440:INFO:               skopt: Not installed
2024-05-04 05:10:26,440:INFO:              mlflow: Not installed
2024-05-04 05:10:26,440:INFO:              gradio: Not installed
2024-05-04 05:10:26,441:INFO:             fastapi: Not installed
2024-05-04 05:10:26,441:INFO:             uvicorn: Not installed
2024-05-04 05:10:26,441:INFO:              m2cgen: Not installed
2024-05-04 05:10:26,441:INFO:           evidently: Not installed
2024-05-04 05:10:26,441:INFO:               fugue: Not installed
2024-05-04 05:10:26,441:INFO:           streamlit: Not installed
2024-05-04 05:10:26,441:INFO:             prophet: Not installed
2024-05-04 05:10:26,441:INFO:None
2024-05-04 05:10:26,441:INFO:Set up data.
2024-05-04 05:10:26,443:INFO:Set up index.
2024-05-04 05:10:26,443:INFO:Assigning column types.
2024-05-04 05:10:26,444:INFO:Engine successfully changes for model 'kmeans' to 'sklearn'.
2024-05-04 05:10:27,491:INFO:Engine successfully changes for model 'dbscan' to 'sklearn'.
2024-05-04 05:10:27,492:INFO:Preparing preprocessing pipeline...
2024-05-04 05:10:27,493:INFO:Set up simple imputation.
2024-05-04 05:10:27,499:INFO:Finished creating preprocessing pipeline.
2024-05-04 05:10:27,501:INFO:Pipeline: Pipeline(memory=FastMemory(location=/var/folders/xz/cy4m1yx914dd0zx5s4lc56k00000gn/T/joblib),
         steps=[('numerical_imputer',
                 TransformerWrapper(include=['p5_1', 'p5_2', 'p5_3', 'p5_4',
                                             'p5_5', 'p5_6', 'p5_7', 'p5_8',
                                             'p5_9', 'p5_10', 'p5_11', 'p7_1',
                                             'p7_2', 'p7_3', 'p7_4', 'p7_5',
                                             'p7_6', 'p7_7', 'p8'],
                                    transformer=SimpleImputer())),
                ('categorical_imputer',
                 TransformerWrapper(include=[],
                                    transformer=SimpleImputer(strategy='most_frequent')))])
2024-05-04 05:10:27,501:INFO:Creating final display dataframe.
2024-05-04 05:10:27,508:INFO:Setup _display_container:                Description                 Value
0               Session id                   100
1      Original data shape            (4231, 19)
2   Transformed data shape            (4231, 19)
3         Numeric features                    19
4               Preprocess                  True
5          Imputation type                simple
6       Numeric imputation                  mean
7   Categorical imputation                  mode
8                 CPU Jobs                    -1
9                  Use GPU                 False
10          Log Experiment                 False
11         Experiment Name  anomaly-default-name
12                     USI                  c881
2024-05-04 05:10:27,511:INFO:setup() successfully completed in 1.11s...............
2024-05-04 05:10:27,513:INFO:Initializing create_model()
2024-05-04 05:10:27,513:INFO:create_model(self=<pycaret.anomaly.oop.AnomalyExperiment object at 0x31c1da530>, estimator=iforest, num_clusters=4, fraction=0.05, ground_truth=None, round=4, fit_kwargs=None, experiment_custom_tags=None, verbose=True, system=True, add_to_model_list=True, raise_num_clusters=False, display=None, kwargs={})
2024-05-04 05:10:27,514:INFO:Checking exceptions
2024-05-04 05:10:27,527:INFO:Importing untrained model
2024-05-04 05:10:27,529:INFO:Isolation Forest Imported successfully
2024-05-04 05:10:27,531:INFO:Fitting Model
2024-05-04 05:10:27,642:INFO:IForest(behaviour='new', bootstrap=False, contamination=0.05,
    max_features=1.0, max_samples='auto', n_estimators=100, n_jobs=-1,
    random_state=100, verbose=0)
2024-05-04 05:10:27,642:INFO:create_models() successfully completed......................................
2024-05-04 05:10:27,644:INFO:Uploading results into container
2024-05-04 05:10:27,644:INFO:Uploading model into container now
2024-05-04 05:10:27,645:INFO:_master_model_container: 1
2024-05-04 05:10:27,645:INFO:_display_container: 1
2024-05-04 05:10:27,645:INFO:IForest(behaviour='new', bootstrap=False, contamination=0.05,
    max_features=1.0, max_samples='auto', n_estimators=100, n_jobs=-1,
    random_state=100, verbose=0)
2024-05-04 05:10:27,646:INFO:create_model() successfully completed......................................
2024-05-04 05:10:27,861:INFO:Initializing plot_model()
2024-05-04 05:10:27,861:INFO:plot_model(plot=umap, fold=None, verbose=True, display=None, display_format=None, estimator=IForest(behaviour='new', bootstrap=False, contamination=0.05,
    max_features=1.0, max_samples='auto', n_estimators=100, n_jobs=-1,
    random_state=100, verbose=0), feature_name=None, fit_kwargs=None, groups=None, label=False, plot_kwargs=None, save=False, scale=1, self=<pycaret.anomaly.oop.AnomalyExperiment object at 0x31c1da530>, system=True)
2024-05-04 05:10:27,862:INFO:Checking exceptions
2024-05-04 05:10:28,708:INFO:Preloading libraries
2024-05-04 05:10:28,713:INFO:Copying training dataset
2024-05-04 05:10:28,713:INFO:Plot type: umap
2024-05-04 05:10:28,713:INFO:SubProcess assign_model() called ==================================
2024-05-04 05:10:28,713:INFO:Initializing assign_model()
2024-05-04 05:10:28,713:INFO:assign_model(self=<pycaret.anomaly.oop.AnomalyExperiment object at 0x31c1da530>, model=IForest(behaviour='new', bootstrap=False, contamination=0.05,
    max_features=1.0, max_samples='auto', n_estimators=100, n_jobs=-1,
    random_state=100, verbose=0), transformation=True, score=False, verbose=False)
2024-05-04 05:10:28,713:INFO:Checking exceptions
2024-05-04 05:10:28,714:INFO:Determining Trained Model
2024-05-04 05:10:28,714:INFO:Trained Model : Isolation Forest
2024-05-04 05:10:28,714:INFO:Copying data
2024-05-04 05:10:28,720:INFO:Transformation parameter set to True. Assigned clusters are attached on transformed dataset.
2024-05-04 05:10:28,720:INFO:(4231, 20)
2024-05-04 05:10:28,720:INFO:assign_model() successfully completed......................................
2024-05-04 05:10:28,720:INFO:SubProcess assign_model() end ==================================
2024-05-04 05:10:28,721:INFO:Soft dependency imported: umap: 0.5.6
2024-05-04 05:10:32,979:INFO:Fitting UMAP()
2024-05-04 05:10:41,433:INFO:Rendering Visual
2024-05-04 05:10:41,859:INFO:Visual Rendered Successfully
2024-05-04 05:10:42,363:INFO:plot_model() successfully completed......................................
2024-05-04 05:13:26,556:INFO:Initializing plot_model()
2024-05-04 05:13:26,557:INFO:plot_model(plot=tsne, fold=None, verbose=True, display=None, display_format=None, estimator=IForest(behaviour='new', bootstrap=False, contamination=0.05,
    max_features=1.0, max_samples='auto', n_estimators=100, n_jobs=-1,
    random_state=100, verbose=0), feature_name=None, fit_kwargs=None, groups=None, label=False, plot_kwargs=None, save=False, scale=1, self=<pycaret.anomaly.oop.AnomalyExperiment object at 0x31c1da530>, system=True)
2024-05-04 05:13:26,557:INFO:Checking exceptions
2024-05-04 05:13:26,620:INFO:Preloading libraries
2024-05-04 05:13:26,625:INFO:Copying training dataset
2024-05-04 05:13:26,625:INFO:Plot type: tsne
2024-05-04 05:13:26,626:INFO:SubProcess assign_model() called ==================================
2024-05-04 05:13:26,626:INFO:Initializing assign_model()
2024-05-04 05:13:26,626:INFO:assign_model(self=<pycaret.anomaly.oop.AnomalyExperiment object at 0x31c1da530>, model=IForest(behaviour='new', bootstrap=False, contamination=0.05,
    max_features=1.0, max_samples='auto', n_estimators=100, n_jobs=-1,
    random_state=100, verbose=0), transformation=True, score=False, verbose=False)
2024-05-04 05:13:26,626:INFO:Checking exceptions
2024-05-04 05:13:26,626:INFO:Determining Trained Model
2024-05-04 05:13:26,626:INFO:Trained Model : Isolation Forest
2024-05-04 05:13:26,626:INFO:Copying data
2024-05-04 05:13:26,632:INFO:Transformation parameter set to True. Assigned clusters are attached on transformed dataset.
2024-05-04 05:13:26,632:INFO:(4231, 20)
2024-05-04 05:13:26,632:INFO:assign_model() successfully completed......................................
2024-05-04 05:13:26,633:INFO:SubProcess assign_model() end ==================================
2024-05-04 05:13:26,633:INFO:Getting dummies to cast categorical variables
2024-05-04 05:13:26,633:INFO:Fitting TSNE()
2024-05-04 05:13:42,835:INFO:Rendering Visual
2024-05-04 05:13:42,884:INFO:Visual Rendered Successfully
2024-05-04 05:13:43,104:INFO:plot_model() successfully completed......................................
2024-05-04 05:15:03,948:INFO:Initializing plot_model()
2024-05-04 05:15:03,948:INFO:plot_model(plot=tsne, fold=None, verbose=True, display=None, display_format=None, estimator=IForest(behaviour='new', bootstrap=False, contamination=0.05,
    max_features=1.0, max_samples='auto', n_estimators=100, n_jobs=-1,
    random_state=100, verbose=0), feature_name=None, fit_kwargs=None, groups=None, label=False, plot_kwargs=None, save=False, scale=1, self=<pycaret.anomaly.oop.AnomalyExperiment object at 0x31c1da530>, system=True)
2024-05-04 05:15:03,949:INFO:Checking exceptions
2024-05-04 05:15:04,010:INFO:Preloading libraries
2024-05-04 05:15:04,015:INFO:Copying training dataset
2024-05-04 05:15:04,015:INFO:Plot type: tsne
2024-05-04 05:15:04,016:INFO:SubProcess assign_model() called ==================================
2024-05-04 05:15:04,016:INFO:Initializing assign_model()
2024-05-04 05:15:04,016:INFO:assign_model(self=<pycaret.anomaly.oop.AnomalyExperiment object at 0x31c1da530>, model=IForest(behaviour='new', bootstrap=False, contamination=0.05,
    max_features=1.0, max_samples='auto', n_estimators=100, n_jobs=-1,
    random_state=100, verbose=0), transformation=True, score=False, verbose=False)
2024-05-04 05:15:04,016:INFO:Checking exceptions
2024-05-04 05:15:04,016:INFO:Determining Trained Model
2024-05-04 05:15:04,016:INFO:Trained Model : Isolation Forest
2024-05-04 05:15:04,016:INFO:Copying data
2024-05-04 05:15:04,022:INFO:Transformation parameter set to True. Assigned clusters are attached on transformed dataset.
2024-05-04 05:15:04,022:INFO:(4231, 20)
2024-05-04 05:15:04,022:INFO:assign_model() successfully completed......................................
2024-05-04 05:15:04,023:INFO:SubProcess assign_model() end ==================================
2024-05-04 05:15:04,023:INFO:Getting dummies to cast categorical variables
2024-05-04 05:15:04,023:INFO:Fitting TSNE()
2024-05-04 05:15:19,987:INFO:Rendering Visual
2024-05-04 05:15:20,013:INFO:Visual Rendered Successfully
2024-05-04 05:15:20,320:INFO:plot_model() successfully completed......................................
